0 info it worked if it ends with ok
1 verbose cli [ '/Users/robertaconrad/.nvm/versions/node/v7.2.0/bin/node',
1 verbose cli   '/Users/robertaconrad/.nvm/versions/node/v7.2.0/bin/npm',
1 verbose cli   'run',
1 verbose cli   'dev:client' ]
2 info using npm@3.10.9
3 info using node@v7.2.0
4 verbose run-script [ 'predev:client', 'dev:client', 'postdev:client' ]
5 info lifecycle fullstack-2018-03-02@0.0.0~predev:client: fullstack-2018-03-02@0.0.0
6 silly lifecycle fullstack-2018-03-02@0.0.0~predev:client: no script for predev:client, continuing
7 info lifecycle fullstack-2018-03-02@0.0.0~dev:client: fullstack-2018-03-02@0.0.0
8 verbose lifecycle fullstack-2018-03-02@0.0.0~dev:client: unsafe-perm in lifecycle true
9 verbose lifecycle fullstack-2018-03-02@0.0.0~dev:client: PATH: /Users/robertaconrad/.nvm/versions/node/v7.2.0/lib/node_modules/npm/bin/node-gyp-bin:/Users/robertaconrad/code/lmatfy/node_modules/.bin:/Users/robertaconrad/.nvm/versions/node/v7.2.0/bin:/usr/local/bin:/usr/bin:/bin:/usr/sbin:/sbin:/usr/local/git/bin
10 verbose lifecycle fullstack-2018-03-02@0.0.0~dev:client: CWD: /Users/robertaconrad/code/lmatfy
11 silly lifecycle fullstack-2018-03-02@0.0.0~dev:client: Args: [ '-c', 'cd client && npm run start' ]
12 silly lifecycle fullstack-2018-03-02@0.0.0~dev:client: Returned: code: 1  signal: null
13 info lifecycle fullstack-2018-03-02@0.0.0~dev:client: Failed to exec dev:client script
14 verbose stack Error: fullstack-2018-03-02@0.0.0 dev:client: `cd client && npm run start`
14 verbose stack Exit status 1
14 verbose stack     at EventEmitter.<anonymous> (/Users/robertaconrad/.nvm/versions/node/v7.2.0/lib/node_modules/npm/lib/utils/lifecycle.js:255:16)
14 verbose stack     at emitTwo (events.js:106:13)
14 verbose stack     at EventEmitter.emit (events.js:191:7)
14 verbose stack     at ChildProcess.<anonymous> (/Users/robertaconrad/.nvm/versions/node/v7.2.0/lib/node_modules/npm/lib/utils/spawn.js:40:14)
14 verbose stack     at emitTwo (events.js:106:13)
14 verbose stack     at ChildProcess.emit (events.js:191:7)
14 verbose stack     at maybeClose (internal/child_process.js:885:16)
14 verbose stack     at Process.ChildProcess._handle.onexit (internal/child_process.js:226:5)
15 verbose pkgid fullstack-2018-03-02@0.0.0
16 verbose cwd /Users/robertaconrad/code/lmatfy
17 error Darwin 17.5.0
18 error argv "/Users/robertaconrad/.nvm/versions/node/v7.2.0/bin/node" "/Users/robertaconrad/.nvm/versions/node/v7.2.0/bin/npm" "run" "dev:client"
19 error node v7.2.0
20 error npm  v3.10.9
21 error code ELIFECYCLE
22 error fullstack-2018-03-02@0.0.0 dev:client: `cd client && npm run start`
22 error Exit status 1
23 error Failed at the fullstack-2018-03-02@0.0.0 dev:client script 'cd client && npm run start'.
23 error Make sure you have the latest version of node.js and npm installed.
23 error If you do, this is most likely a problem with the fullstack-2018-03-02 package,
23 error not with npm itself.
23 error Tell the author that this fails on your system:
23 error     cd client && npm run start
23 error You can get information on how to open an issue for this project with:
23 error     npm bugs fullstack-2018-03-02
23 error Or if that isn't available, you can get their info via:
23 error     npm owner ls fullstack-2018-03-02
23 error There is likely additional logging output above.
24 verbose exit [ 1, true ]
